  BinarySearchNameSpace.cpp
C:\Users\BUNTY\Desktop\manish_chauhan\some_random_game\manish_algoword\BinarySearchSoution.h(172,1): warning C4267: 'initializing': conversion from 'size_t' to 'int', possible loss of data
C:\Users\BUNTY\Desktop\manish_chauhan\some_random_game\manish_algoword\BinarySearchSoution.h(165): message : while compiling class template member function 'int BinarySearchSoution<int>::howManyTimes(const std::vector<int,std::allocator<int>> &)'
C:\Users\BUNTY\Desktop\manish_chauhan\some_random_game\manish_algoword\BinarySearchNameSpace.cpp(68): message : see reference to function template instantiation 'int BinarySearchSoution<int>::howManyTimes(const std::vector<int,std::allocator<int>> &)' being compiled
C:\Users\BUNTY\Desktop\manish_chauhan\some_random_game\manish_algoword\BinarySearchNameSpace.cpp(16): message : see reference to class template instantiation 'BinarySearchSoution<int>' being compiled
C:\Users\BUNTY\Desktop\manish_chauhan\some_random_game\manish_algoword\BinarySearchSoution.h(174,1): warning C4267: 'initializing': conversion from 'size_t' to 'int', possible loss of data
C:\Users\BUNTY\Desktop\manish_chauhan\some_random_game\manish_algoword\BinarySearchSoution.h(131,1): warning C4267: 'initializing': conversion from 'size_t' to 'int', possible loss of data
C:\Users\BUNTY\Desktop\manish_chauhan\some_random_game\manish_algoword\BinarySearchSoution.h(128): message : while compiling class template member function 'std::pair<bool,int> BinarySearchSoution<int>::floor(const std::vector<int,std::allocator<int>> &,T)'
          with
          [
              T=int
          ]
C:\Users\BUNTY\Desktop\manish_chauhan\some_random_game\manish_algoword\BinarySearchNameSpace.cpp(57): message : see reference to function template instantiation 'std::pair<bool,int> BinarySearchSoution<int>::floor(const std::vector<int,std::allocator<int>> &,T)' being compiled
          with
          [
              T=int
          ]
C:\Users\BUNTY\Desktop\manish_chauhan\some_random_game\manish_algoword\BinarySearchSoution.h(96,1): warning C4267: 'initializing': conversion from 'size_t' to 'int', possible loss of data
C:\Users\BUNTY\Desktop\manish_chauhan\some_random_game\manish_algoword\BinarySearchSoution.h(93): message : while compiling class template member function 'std::pair<bool,int> BinarySearchSoution<int>::Ceil(const std::vector<int,std::allocator<int>> &,T)'
          with
          [
              T=int
          ]
C:\Users\BUNTY\Desktop\manish_chauhan\some_random_game\manish_algoword\BinarySearchNameSpace.cpp(44): message : see reference to function template instantiation 'std::pair<bool,int> BinarySearchSoution<int>::Ceil(const std::vector<int,std::allocator<int>> &,T)' being compiled
          with
          [
              T=int
          ]
C:\Users\BUNTY\Desktop\manish_chauhan\some_random_game\manish_algoword\BinarySearchSoution.h(42,1): warning C4267: 'initializing': conversion from 'size_t' to 'int', possible loss of data
C:\Users\BUNTY\Desktop\manish_chauhan\some_random_game\manish_algoword\BinarySearchSoution.h(40): message : while compiling class template member function 'std::pair<bool,int> BinarySearchSoution<int>::SearchFirst(const std::vector<int,std::allocator<int>> &,T)'
          with
          [
              T=int
          ]
C:\Users\BUNTY\Desktop\manish_chauhan\some_random_game\manish_algoword\BinarySearchNameSpace.cpp(30): message : see reference to function template instantiation 'std::pair<bool,int> BinarySearchSoution<int>::SearchFirst(const std::vector<int,std::allocator<int>> &,T)' being compiled
          with
          [
              T=int
          ]
C:\Users\BUNTY\Desktop\manish_chauhan\some_random_game\manish_algoword\BinarySearchSoution.h(19,1): warning C4267: 'initializing': conversion from 'size_t' to 'int', possible loss of data
C:\Users\BUNTY\Desktop\manish_chauhan\some_random_game\manish_algoword\BinarySearchSoution.h(17): message : while compiling class template member function 'std::pair<bool,int> BinarySearchSoution<int>::Search(const std::vector<int,std::allocator<int>> &,T)'
          with
          [
              T=int
          ]
C:\Users\BUNTY\Desktop\manish_chauhan\some_random_game\manish_algoword\BinarySearchNameSpace.cpp(16): message : see reference to function template instantiation 'std::pair<bool,int> BinarySearchSoution<int>::Search(const std::vector<int,std::allocator<int>> &,T)' being compiled
          with
          [
              T=int
          ]
  manish_algoword.vcxproj -> C:\Users\BUNTY\Desktop\manish_chauhan\some_random_game\manish_algoword\x64\Debug\manish_algoword.exe
