c:\users\bunty\desktop\manish_chauhan\some_random_game\manish_algoword\x64\debug\vc143.pdb
c:\users\bunty\desktop\manish_chauhan\some_random_game\manish_algoword\x64\debug\vc143.idb
c:\users\bunty\desktop\manish_chauhan\some_random_game\manish_algoword\x64\debug\main.obj
c:\users\bunty\desktop\manish_chauhan\some_random_game\manish_algoword\x64\debug\binarysearchsoution.obj
c:\users\bunty\desktop\manish_chauhan\some_random_game\manish_algoword\x64\debug\binarysearchnamespace.obj
c:\users\bunty\desktop\manish_chauhan\some_random_game\manish_algoword\x64\debug\manish_algoword.exe
c:\users\bunty\desktop\manish_chauhan\some_random_game\manish_algoword\x64\debug\manish_algoword.ilk
c:\users\bunty\desktop\manish_chauhan\some_random_game\manish_algoword\x64\debug\manish_algoword.pdb
c:\users\bunty\desktop\manish_chauhan\some_random_game\manish_algoword\x64\debug\manish_algoword.tlog\cl.command.1.tlog
c:\users\bunty\desktop\manish_chauhan\some_random_game\manish_algoword\x64\debug\manish_algoword.tlog\cl.read.1.tlog
c:\users\bunty\desktop\manish_chauhan\some_random_game\manish_algoword\x64\debug\manish_algoword.tlog\cl.write.1.tlog
c:\users\bunty\desktop\manish_chauhan\some_random_game\manish_algoword\x64\debug\manish_algoword.tlog\link.48036-cvtres.read.1.tlog
c:\users\bunty\desktop\manish_chauhan\some_random_game\manish_algoword\x64\debug\manish_algoword.tlog\link.48036-cvtres.write.1.tlog
c:\users\bunty\desktop\manish_chauhan\some_random_game\manish_algoword\x64\debug\manish_algoword.tlog\link.48036-rc.read.1.tlog
c:\users\bunty\desktop\manish_chauhan\some_random_game\manish_algoword\x64\debug\manish_algoword.tlog\link.48036-rc.write.1.tlog
c:\users\bunty\desktop\manish_chauhan\some_random_game\manish_algoword\x64\debug\manish_algoword.tlog\link.48036.read.1.tlog
c:\users\bunty\desktop\manish_chauhan\some_random_game\manish_algoword\x64\debug\manish_algoword.tlog\link.48036.read.2.tlog
c:\users\bunty\desktop\manish_chauhan\some_random_game\manish_algoword\x64\debug\manish_algoword.tlog\link.48036.write.1.tlog
c:\users\bunty\desktop\manish_chauhan\some_random_game\manish_algoword\x64\debug\manish_algoword.tlog\link.command.1.tlog
c:\users\bunty\desktop\manish_chauhan\some_random_game\manish_algoword\x64\debug\manish_algoword.tlog\link.read.1.tlog
c:\users\bunty\desktop\manish_chauhan\some_random_game\manish_algoword\x64\debug\manish_algoword.tlog\link.write.1.tlog
