  AdQueue.cpp
  BinarySearchNameSpace.cpp
C:\Users\BUNTY\Desktop\manish_chauhan\some_random_game\manish_algoword\BinarySearchSoution.h(207,1): warning C4267: 'initializing': conversion from 'size_t' to 'int', possible loss of data
C:\Users\BUNTY\Desktop\manish_chauhan\some_random_game\manish_algoword\BinarySearchSoution.h(201): message : while compiling class template member function 'int BinarySearchSoution<int>::Search_in_rotatedArray(const std::vector<int,std::allocator<int>> &,int)'
C:\Users\BUNTY\Desktop\manish_chauhan\some_random_game\manish_algoword\BinarySearchNameSpace.cpp(80): message : see reference to function template instantiation 'int BinarySearchSoution<int>::Search_in_rotatedArray(const std::vector<int,std::allocator<int>> &,int)' being compiled
C:\Users\BUNTY\Desktop\manish_chauhan\some_random_game\manish_algoword\BinarySearchNameSpace.cpp(16): message : see reference to class template instantiation 'BinarySearchSoution<int>' being compiled
C:\Users\BUNTY\Desktop\manish_chauhan\some_random_game\manish_algoword\BinarySearchSoution.h(172,1): warning C4267: 'initializing': conversion from 'size_t' to 'int', possible loss of data
C:\Users\BUNTY\Desktop\manish_chauhan\some_random_game\manish_algoword\BinarySearchSoution.h(165): message : while compiling class template member function 'int BinarySearchSoution<int>::howManyTimes(const std::vector<int,std::allocator<int>> &)'
C:\Users\BUNTY\Desktop\manish_chauhan\some_random_game\manish_algoword\BinarySearchNameSpace.cpp(68): message : see reference to function template instantiation 'int BinarySearchSoution<int>::howManyTimes(const std::vector<int,std::allocator<int>> &)' being compiled
C:\Users\BUNTY\Desktop\manish_chauhan\some_random_game\manish_algoword\BinarySearchSoution.h(174,1): warning C4267: 'initializing': conversion from 'size_t' to 'int', possible loss of data
C:\Users\BUNTY\Desktop\manish_chauhan\some_random_game\manish_algoword\BinarySearchSoution.h(131,1): warning C4267: 'initializing': conversion from 'size_t' to 'int', possible loss of data
C:\Users\BUNTY\Desktop\manish_chauhan\some_random_game\manish_algoword\BinarySearchSoution.h(128): message : while compiling class template member function 'std::pair<bool,int> BinarySearchSoution<int>::floor(const std::vector<int,std::allocator<int>> &,T)'
          with
          [
              T=int
          ]
C:\Users\BUNTY\Desktop\manish_chauhan\some_random_game\manish_algoword\BinarySearchNameSpace.cpp(57): message : see reference to function template instantiation 'std::pair<bool,int> BinarySearchSoution<int>::floor(const std::vector<int,std::allocator<int>> &,T)' being compiled
          with
          [
              T=int
          ]
C:\Users\BUNTY\Desktop\manish_chauhan\some_random_game\manish_algoword\BinarySearchSoution.h(96,1): warning C4267: 'initializing': conversion from 'size_t' to 'int', possible loss of data
C:\Users\BUNTY\Desktop\manish_chauhan\some_random_game\manish_algoword\BinarySearchSoution.h(93): message : while compiling class template member function 'std::pair<bool,int> BinarySearchSoution<int>::Ceil(const std::vector<int,std::allocator<int>> &,T)'
          with
          [
              T=int
          ]
C:\Users\BUNTY\Desktop\manish_chauhan\some_random_game\manish_algoword\BinarySearchNameSpace.cpp(44): message : see reference to function template instantiation 'std::pair<bool,int> BinarySearchSoution<int>::Ceil(const std::vector<int,std::allocator<int>> &,T)' being compiled
          with
          [
              T=int
          ]
C:\Users\BUNTY\Desktop\manish_chauhan\some_random_game\manish_algoword\BinarySearchSoution.h(42,1): warning C4267: 'initializing': conversion from 'size_t' to 'int', possible loss of data
C:\Users\BUNTY\Desktop\manish_chauhan\some_random_game\manish_algoword\BinarySearchSoution.h(40): message : while compiling class template member function 'std::pair<bool,int> BinarySearchSoution<int>::SearchFirst(const std::vector<int,std::allocator<int>> &,T)'
          with
          [
              T=int
          ]
C:\Users\BUNTY\Desktop\manish_chauhan\some_random_game\manish_algoword\BinarySearchNameSpace.cpp(30): message : see reference to function template instantiation 'std::pair<bool,int> BinarySearchSoution<int>::SearchFirst(const std::vector<int,std::allocator<int>> &,T)' being compiled
          with
          [
              T=int
          ]
C:\Users\BUNTY\Desktop\manish_chauhan\some_random_game\manish_algoword\BinarySearchSoution.h(19,1): warning C4267: 'initializing': conversion from 'size_t' to 'int', possible loss of data
C:\Users\BUNTY\Desktop\manish_chauhan\some_random_game\manish_algoword\BinarySearchSoution.h(17): message : while compiling class template member function 'std::pair<bool,int> BinarySearchSoution<int>::Search(const std::vector<int,std::allocator<int>> &,T)'
          with
          [
              T=int
          ]
C:\Users\BUNTY\Desktop\manish_chauhan\some_random_game\manish_algoword\BinarySearchNameSpace.cpp(16): message : see reference to function template instantiation 'std::pair<bool,int> BinarySearchSoution<int>::Search(const std::vector<int,std::allocator<int>> &,T)' being compiled
          with
          [
              T=int
          ]
  BinarySearchSoution.cpp
  main.cpp
  RecursionAndMemo.cpp
C:\Users\BUNTY\Desktop\manish_chauhan\some_random_game\manish_algoword\RecursionAndMemo.cpp(68,69): warning C4267: 'argument': conversion from 'size_t' to 'int', possible loss of data
C:\Users\BUNTY\Desktop\manish_chauhan\some_random_game\manish_algoword\RecursionAndMemo.cpp(77,77): warning C4267: 'argument': conversion from 'size_t' to 'int', possible loss of data
  Generating code
  100 of 101 functions (99.0%) were compiled, the rest were copied from previous compilation.
    90 functions were new in current compilation
    0 functions had inline decision re-evaluated but remain unchanged
  Finished generating code
  manish_algoword.vcxproj -> C:\Users\BUNTY\Desktop\manish_chauhan\some_random_game\manish_algoword\x64\Release\manish_algoword.exe
